MPASM  5.34                     MAIN_CODE.ASM   1-6-2023  22:58:01         PAGE  1


LOC  OBJECT CODE     LINE SOURCE TEXT
  VALUE

                      00001         INCLUDE <P18F4520.INC>
                      00001         LIST
                      00002 
                      00003 ;==========================================================================
                      00004 ;  MPASM PIC18F4520 processor include
                      00005 ; 
                      00006 ;  (c) Copyright 1999-2007 Microchip Technology, All rights reserved
                      00007 ;==========================================================================
                      00008 
                      01336         LIST
09 18 10 81 81 0F C0 000002         CONFIG WDT = OFF ;wdt controlled by software
       F E0 0F 40 
                      00003         CONFIG WDTPS = 256 ; watchdog = 1024 ms
                      00004         CONFIG PBADEN = OFF ; portb digital
                      00005         CONFIG OSC = INTIO7 ; set to internal clock
                      00006         CONFIG PWRT = ON ; powerup timer on +66ms
                      00007         CONFIG BOREN = OFF ; brown out reset
                      00008         CONFIG MCLRE = ON ; re0 used as reset pin
                      00009         CONFIG LVP = OFF ; 
                      00010         CONFIG STVREN = ON ; resets if pc is overloaded
                      00011         CONFIG DEBUG = OFF ; rb5 and 6 normal io pins
                      00012         
                      00013 LOADTIMER0  MACRO ; load timer0 with 60 536
                      00014         MOVLW 0XEC
                      00015         MOVWF TMR0H
                      00016         MOVLW 0X78
                      00017         MOVWF TMR0L
                      00018         ENDM
                      00019         
Warning[207]: Found label after column 1. (NUMBEROFINT)
  00000000            00020         NUMBEROFINT EQU 0X00 ; counts number of interruptions
Warning[207]: Found label after column 1. (VAR)
  00000002            00021         VAR EQU 0X02 ; adds to table pointer
Warning[207]: Found label after column 1. (TMH)
  00000004            00022         TMH EQU 0X04 ; save tmr1h value
                      00023         
000000                00024         ORG 0X00
000000 D050           00025         BRA INIT
                      00026         
000008                00027         ORG 0X08
000008 D01E           00028         BRA HP
                      00029         
                      00030         
                      00031 
                      00032         
                      00033         
00000A                00034 CHECKBACKSENSOR
00000A 8E8A           00035         BSF LATB,7 ; set trigger to high
00000C 0000           00036         NOP
00000E 0000           00037         NOP
000010 0000           00038         NOP
000012 0000           00039         NOP
000014 0000           00040         NOP
MPASM  5.34                     MAIN_CODE.ASM   1-6-2023  22:58:01         PAGE  2


LOC  OBJECT CODE     LINE SOURCE TEXT
  VALUE

000016 0000           00041         NOP
000018 0000           00042         NOP
00001A 0000           00043         NOP
00001C 0000           00044         NOP
00001E 0000           00045         NOP
000020 9E8A           00046         BCF LATB,7 ; set trigger to low
                      00047 
000022 6ACF           00048         CLRF TMR1H
000024 6ACE           00049         CLRF TMR1L
                      00050 
000026                00051 WAITECHOHIGHBACK
000026 AC81           00052         BTFSS PORTB,6 ; check if echo is high
000028 D7FE           00053         BRA WAITECHOHIGHBACK
                      00054         
                      00055 
00002A 80CD           00056         BSF T1CON,0 ; start timer1
                      00057         
00002C                00058 WAITECHOLOWBACK
00002C BC81           00059         BTFSC PORTB,6
00002E D7FE           00060         BRA WAITECHOLOWBACK
                      00061         
000030 90CD           00062         BCF T1CON,0 ; stops timer1
000032 8ED5           00063         BSF T0CON,7 ; start timer0
000034 50CE           00064     MOVF TMR1L,W
000036 CFCF F004      00065         MOVFF TMR1H,TMH
00003A 0E04           00066         MOVLW 0X04 ; time for 17 cm
00003C 6004           00067         CPFSLT TMH
00003E 0010           00068         RETFIE
000040 0E06           00069         MOVLW B'00000110' ; move right
000042 6E8B           00070         MOVWF LATC
000044 0010           00071         RETFIE
                      00072         
                      00073         
                      00074         
000046                00075 HP
000046 9ED5           00076         BCF T0CON,7 ; stop timer0
                      00077         LOADTIMER0 ; reload timer0 
000048 0EEC               M         MOVLW 0XEC
00004A 6ED7               M         MOVWF TMR0H
00004C 0E78               M         MOVLW 0X78
00004E 6ED6               M         MOVWF TMR0L
000050 94F2           00078         BCF INTCON,TMR0IF ; lowers interrupt flag for timer0
000052 2A00           00079         INCF NUMBEROFINT,F ; increment numberofint
                      00080         
000054 0E0A           00081         MOVLW B'00001010' ; reverse motors
000056 608B           00082         CPFSLT LATC ; check if motors are in reverse
000058 D7D8           00083         BRA CHECKBACKSENSOR
                      00084         
                      00085         
00005A 808A           00086         BSF LATB,0 ; set trigger to high
00005C 0000           00087         NOP
00005E 0000           00088         NOP
000060 0000           00089         NOP
MPASM  5.34                     MAIN_CODE.ASM   1-6-2023  22:58:01         PAGE  3


LOC  OBJECT CODE     LINE SOURCE TEXT
  VALUE

000062 0000           00090         NOP
000064 0000           00091         NOP
000066 0000           00092         NOP
000068 0000           00093         NOP
00006A 0000           00094         NOP
00006C 0000           00095         NOP
00006E 0000           00096         NOP
000070 908A           00097         BCF LATB,0 ; set trigger to low
                      00098         
000072 6ACF           00099         CLRF TMR1H
000074 6ACE           00100         CLRF TMR1L
                      00101         
000076                00102 WAITECHOHIGH
000076 A281           00103         BTFSS PORTB,1 ; check if echo is high
000078 D7FE           00104         BRA WAITECHOHIGH
                      00105         
                      00106         
00007A 80CD           00107         BSF T1CON,0 ; start timer1
                      00108         
00007C                00109 WAITECHOLOW
00007C B281           00110         BTFSC PORTB,1
00007E D7FE           00111         BRA WAITECHOLOW
                      00112         
000080 90CD           00113         BCF T1CON,0 ; stops timer1
000082 8ED5           00114         BSF T0CON,7  ; starts timer0
000084 50CE           00115     MOVF TMR1L,W
000086 CFCF F004      00116         MOVFF TMR1H,TMH
00008A 0E07           00117         MOVLW 0X07 ; time for 30 cm
00008C 6004           00118         CPFSLT TMH
00008E 0010           00119         RETFIE
000090 0E03           00120         MOVLW 0X03 ; time for 13 cm
000092 6404           00121         CPFSGT TMH
000094 D003           00122         BRA TOOCLOSE ; actions to take if obstacle too close
000096 0E09           00123         MOVLW B'00001001' ; move left
000098 6E8B           00124         MOVWF LATC
00009A 0010           00125         RETFIE
                      00126         
00009C                00127 TOOCLOSE
00009C 0E0A           00128         MOVLW B'00001010' ; reverse motors
00009E 6E8B           00129         MOVWF LATC
0000A0 D7B4           00130         BRA CHECKBACKSENSOR
                      00131         
                      00132         
0000A2                00133 INIT
0000A2 0E6A           00134         MOVLW B'01101010'
0000A4 6ED3           00135         MOVWF OSCCON ; set internal clock to 4 MHz
0000A6 0E00           00136         MOVLW 0X00
0000A8 6E9B           00137         MOVWF OSCTUNE
0000AA 80D1           00138         BSF WDTCON,SWDTEN ; enables software controlled watchdog timer
                      00139         
0000AC 6A00           00140         CLRF NUMBEROFINT ; clears number of interruptions
0000AE 6A02           00141         CLRF VAR ; clears var that gives action to take
                      00142         
MPASM  5.34                     MAIN_CODE.ASM   1-6-2023  22:58:01         PAGE  4


LOC  OBJECT CODE     LINE SOURCE TEXT
  VALUE

0000B0 0E02           00143         MOVLW 0X02
0000B2 6EFA           00144         MOVWF PCLATH                    ; pclath = 2
                      00145         
                      00146         ;configuring IO ports 
0000B4 908A           00147         BCF LATB,0
0000B6 9093           00148         BCF TRISB,0
0000B8 6A8B           00149         CLRF LATC
0000BA 0EF0           00150         MOVLW B'11110000'
0000BC 6E94           00151         MOVWF TRISC
                      00152         
                      00153         ; back sensor config uses rb6 and 7
0000BE 9E8A           00154         BCF LATB,7
0000C0 9E93           00155         BCF TRISB,7
                      00156         
                      00157         
                      00158         ; configuring timer0 to interrupt every 100ms
                      00159         LOADTIMER0
0000C2 0EEC               M         MOVLW 0XEC
0000C4 6ED7               M         MOVWF TMR0H
0000C6 0E78               M         MOVLW 0X78
0000C8 6ED6               M         MOVWF TMR0L
0000CA 0E80           00160         MOVLW B'10000000' ; using 16bits 
0000CC 6ED5           00161         MOVWF T0CON
                      00162         
                      00163         ; configuring timer1 to be able to count the time taken by the signal to make a roundtrip
0000CE 6ACF           00164         CLRF TMR1H
0000D0 6ACE           00165         CLRF TMR1L
0000D2 0E80           00166         MOVLW B'10000000'
0000D4 6ECD           00167         MOVWF T1CON
                      00168         
0000D6 8ED0           00169         BSF RCON,IPEN
0000D8 94F2           00170         BCF INTCON,TMR0IF
0000DA 0EE0           00171         MOVLW B'11100000' ; high priority timer0
0000DC 6EF2           00172         MOVWF INTCON
                      00173         
0000DE                00174 BCL
0000DE 0004           00175         CLRWDT ; clear watchdog timer
0000E0 0E32           00176         MOVLW D'50'
0000E2 6000           00177         CPFSLT NUMBEROFINT ; counts 5 interruptions
0000E4 EC0E F001      00178         CALL SWITCHACTION ; if 5 interruptions or more, change action taken by car
0000E8 D7FA           00179         BRA BCL
                      00180         
000200                00181         ORG 0X200
000200                00182 TABLE
000200 26F9           00183         ADDWF PCL,F 
000202 0C05           00184         RETLW B'00000101' ; to go straight
000204 0C05           00185         RETLW B'00000101'
000206 0C05           00186         RETLW B'00000101'
000208 0C05           00187         RETLW B'00000101'
00020A 0C01           00188         RETLW B'00000001'
00020C 0C05           00189         RETLW B'00000101' ; to go straight
00020E 0C05           00190         RETLW B'00000101'
000210 0C05           00191         RETLW B'00000101'
MPASM  5.34                     MAIN_CODE.ASM   1-6-2023  22:58:01         PAGE  5


LOC  OBJECT CODE     LINE SOURCE TEXT
  VALUE

000212 0C05           00192         RETLW B'00000101'
000214 0C05           00193         RETLW B'00000101'
000216 0C04           00194         RETLW B'00000100'
000218 0C0A           00195         RETLW B'00001010'
00021A 0C0A           00196         RETLW B'00001010'
                      00197         
                      00198         
00021C                00199 SWITCHACTION
00021C 6A00           00200         CLRF NUMBEROFINT ; resets number of interruptions
00021E 5002           00201         MOVF VAR,W ; increments pcl value in table
000220 EC00 F001      00202         CALL TABLE ; gets value of action from table
000224 6E8B           00203         MOVWF LATC ; sets new action in latc
000226 0E18           00204         MOVLW D'24' ; checks if var reached the end of the table
000228 6002           00205         CPFSLT VAR ; (x-1) * 2
00022A D003           00206         BRA CLEARVAR
00022C 0E02           00207         MOVLW 0X02 ; increment var by 2
00022E 2602           00208         ADDWF VAR,F
000230 0012           00209         RETURN
                      00210         
000232                00211 CLEARVAR
000232 6A02           00212         CLRF VAR ; if yes, clears var
000234 0012           00213         RETURN
                      00214         
                      00215         END
MPASM  5.34                     MAIN_CODE.ASM   1-6-2023  22:58:01         PAGE  6


SYMBOL TABLE
  LABEL                             VALUE 

A                                 00000000
ABDEN                             00000000
ABDOVF                            00000007
ACCESS                            00000000
ACKDT                             00000005
ACKEN                             00000004
ACKSTAT                           00000006
ACQT0                             00000003
ACQT1                             00000004
ACQT2                             00000005
ADCON0                            00000FC2
ADCON1                            00000FC1
ADCON2                            00000FC0
ADCS0                             00000000
ADCS1                             00000001
ADCS2                             00000002
ADDEN                             00000003
ADEN                              00000003
ADFM                              00000007
ADIE                              00000006
ADIF                              00000006
ADIP                              00000006
ADON                              00000000
ADRES                             00000FC3
ADRESH                            00000FC4
ADRESL                            00000FC3
AN0                               00000000
AN1                               00000001
AN10                              00000001
AN11                              00000004
AN12                              00000000
AN2                               00000002
AN3                               00000003
AN4                               00000005
AN5                               00000000
AN6                               00000001
AN7                               00000002
AN8                               00000002
AN9                               00000003
BANKED                            00000001
BAUDCON                           00000FB8
BAUDCTL                           00000FB8
BCL                               000000DE
BCLIE                             00000003
BCLIF                             00000003
BCLIP                             00000003
BF                                00000000
BGST                              00000005
BOR                               00000000
BRG16                             00000003
BRGH                              00000002
BSR                               00000FE0
C                                 00000000
MPASM  5.34                     MAIN_CODE.ASM   1-6-2023  22:58:01         PAGE  7


SYMBOL TABLE
  LABEL                             VALUE 

C1INV                             00000004
C1OUT                             00000006
C2INV                             00000005
C2OUT                             00000007
CCP1                              00000002
CCP1CON                           00000FBD
CCP1IE                            00000002
CCP1IF                            00000002
CCP1IP                            00000002
CCP1M0                            00000000
CCP1M1                            00000001
CCP1M2                            00000002
CCP1M3                            00000003
CCP1X                             00000005
CCP1Y                             00000004
CCP2CON                           00000FBA
CCP2IE                            00000000
CCP2IF                            00000000
CCP2IP                            00000000
CCP2M0                            00000000
CCP2M1                            00000001
CCP2M2                            00000002
CCP2M3                            00000003
CCP2X                             00000005
CCP2Y                             00000004
CCP2_PORTB                        00000003
CCP2_PORTC                        00000001
CCPR1                             00000FBE
CCPR1H                            00000FBF
CCPR1L                            00000FBE
CCPR2                             00000FBB
CCPR2H                            00000FBC
CCPR2L                            00000FBB
CFGS                              00000006
CHECKBACKSENSOR                   0000000A
CHS0                              00000002
CHS1                              00000003
CHS2                              00000004
CHS3                              00000005
CIS                               00000003
CK                                00000006
CKE                               00000006
CKP                               00000004
CLEARVAR                          00000232
CLKI                              00000007
CLKO                              00000006
CM0                               00000000
CM1                               00000001
CM2                               00000002
CMCON                             00000FB4
CMIE                              00000006
CMIF                              00000006
CMIP                              00000006
MPASM  5.34                     MAIN_CODE.ASM   1-6-2023  22:58:01         PAGE  8


SYMBOL TABLE
  LABEL                             VALUE 

CREN                              00000004
CS                                00000002
CSRC                              00000007
CVR0                              00000000
CVR1                              00000001
CVR2                              00000002
CVR3                              00000003
CVRCON                            00000FB5
CVREF                             00000002
CVREN                             00000007
CVROE                             00000006
CVRR                              00000005
CVRSS                             00000004
D                                 00000005
DC                                00000001
DC1B0                             00000004
DC1B1                             00000005
DC2B0                             00000004
DC2B1                             00000005
DDRA                              TRISA
DDRB                              TRISB
DDRC                              TRISC
DDRD                              TRISD
DDRE                              TRISE
DONE                              00000001
D_A                               00000005
ECCP1AS                           00000FB6
ECCPAS0                           00000004
ECCPAS1                           00000005
ECCPAS2                           00000006
ECCPASE                           00000007
EEADR                             00000FA9
EECON1                            00000FA6
EECON2                            00000FA7
EEDATA                            00000FA8
EEIE                              00000004
EEIF                              00000004
EEIP                              00000004
EEPGD                             00000007
FAST                              00000001
FERR                              00000002
FLTS                              00000002
FREE                              00000004
FSR0                              00000000
FSR0H                             00000FEA
FSR0L                             00000FE9
FSR1                              00000001
FSR1H                             00000FE2
FSR1L                             00000FE1
FSR2                              00000002
FSR2H                             00000FDA
FSR2L                             00000FD9
GCEN                              00000007
MPASM  5.34                     MAIN_CODE.ASM   1-6-2023  22:58:01         PAGE  9


SYMBOL TABLE
  LABEL                             VALUE 

GIE                               00000007
GIEH                              00000007
GIEL                              00000006
GO                                00000001
GO_DONE                           00000001
HLVDCON                           00000FD2
HLVDEN                            00000004
HLVDIE                            00000002
HLVDIF                            00000002
HLVDIP                            00000002
HLVDL0                            00000000
HLVDL1                            00000001
HLVDL2                            00000002
HLVDL3                            00000003
HP                                00000046
IBF                               00000007
IBOV                              00000005
IDLEN                             00000007
INDF0                             00000FEF
INDF1                             00000FE7
INDF2                             00000FDF
INIT                              000000A2
INT0                              00000000
INT0E                             00000004
INT0F                             00000001
INT0IE                            00000004
INT0IF                            00000001
INT1                              00000001
INT1E                             00000003
INT1F                             00000000
INT1IE                            00000003
INT1IF                            00000000
INT1IP                            00000006
INT1P                             00000006
INT2                              00000002
INT2E                             00000004
INT2F                             00000001
INT2IE                            00000004
INT2IF                            00000001
INT2IP                            00000007
INT2P                             00000007
INTCON                            00000FF2
INTCON2                           00000FF1
INTCON3                           00000FF0
INTEDG0                           00000006
INTEDG1                           00000005
INTEDG2                           00000004
INTSRC                            00000007
IOFS                              00000002
IPEN                              00000007
IPR1                              00000F9F
IPR2                              00000FA2
IRCF0                             00000004
MPASM  5.34                     MAIN_CODE.ASM   1-6-2023  22:58:01         PAGE 10


SYMBOL TABLE
  LABEL                             VALUE 

IRCF1                             00000005
IRCF2                             00000006
IRVST                             00000005
IVRST                             00000005
KBI0                              00000004
KBI1                              00000005
KBI2                              00000006
KBI3                              00000007
LATA                              00000F89
LATA0                             00000000
LATA1                             00000001
LATA2                             00000002
LATA3                             00000003
LATA4                             00000004
LATA5                             00000005
LATA6                             00000006
LATA7                             00000007
LATB                              00000F8A
LATB0                             00000000
LATB1                             00000001
LATB2                             00000002
LATB3                             00000003
LATB4                             00000004
LATB5                             00000005
LATB6                             00000006
LATB7                             00000007
LATC                              00000F8B
LATC0                             00000000
LATC1                             00000001
LATC2                             00000002
LATC3                             00000003
LATC4                             00000004
LATC5                             00000005
LATC6                             00000006
LATC7                             00000007
LATD                              00000F8C
LATD0                             00000000
LATD1                             00000001
LATD2                             00000002
LATD3                             00000003
LATD4                             00000004
LATD5                             00000005
LATD6                             00000006
LATD7                             00000007
LATE                              00000F8D
LATE0                             00000000
LATE1                             00000001
LATE2                             00000002
LOADTIMER0                        
LVDCON                            00000FD2
LVDEN                             00000004
LVDIE                             00000002
LVDIF                             00000002
MPASM  5.34                     MAIN_CODE.ASM   1-6-2023  22:58:01         PAGE 11


SYMBOL TABLE
  LABEL                             VALUE 

LVDIN                             00000005
LVDIP                             00000002
LVDL0                             00000000
LVDL1                             00000001
LVDL2                             00000002
LVDL3                             00000003
LVV0                              00000000
LVV1                              00000001
LVV2                              00000002
LVV3                              00000003
MCLR                              00000003
N                                 00000004
NOT_A                             00000005
NOT_ADDRESS                       00000005
NOT_BOR                           00000000
NOT_CS                            00000002
NOT_DONE                          00000001
NOT_MCLR                          00000003
NOT_PD                            00000002
NOT_POR                           00000001
NOT_RBPU                          00000007
NOT_RD                            00000000
NOT_RI                            00000004
NOT_SS                            00000005
NOT_T1SYNC                        00000002
NOT_T3SYNC                        00000002
NOT_TO                            00000003
NOT_W                             00000002
NOT_WR                            00000001
NOT_WRITE                         00000002
NUMBEROFINT                       00000000
OBF                               00000006
OERR                              00000001
OSC1                              00000007
OSC2                              00000006
OSCCON                            00000FD3
OSCFIE                            00000007
OSCFIF                            00000007
OSCFIP                            00000007
OSCTUNE                           00000F9B
OSTS                              00000003
OV                                00000003
P                                 00000004
P1B                               00000005
P1C                               00000006
P1D                               00000007
P1M0                              00000006
P1M1                              00000007
PC                                00000FF9
PCFG0                             00000000
PCFG1                             00000001
PCFG2                             00000002
PCFG3                             00000003
MPASM  5.34                     MAIN_CODE.ASM   1-6-2023  22:58:01         PAGE 12


SYMBOL TABLE
  LABEL                             VALUE 

PCL                               00000FF9
PCLATH                            00000FFA
PCLATU                            00000FFB
PD                                00000002
PDC0                              00000000
PDC1                              00000001
PDC2                              00000002
PDC3                              00000003
PDC4                              00000004
PDC5                              00000005
PDC6                              00000006
PEIE                              00000006
PEN                               00000002
PGC                               00000006
PGD                               00000007
PGM                               00000005
PIE1                              00000F9D
PIE2                              00000FA0
PIR1                              00000F9E
PIR2                              00000FA1
PLLEN                             00000006
PLUSW0                            00000FEB
PLUSW1                            00000FE3
PLUSW2                            00000FDB
POR                               00000001
PORTA                             00000F80
PORTB                             00000F81
PORTC                             00000F82
PORTD                             00000F83
PORTE                             00000F84
POSTDEC0                          00000FED
POSTDEC1                          00000FE5
POSTDEC2                          00000FDD
POSTINC0                          00000FEE
POSTINC1                          00000FE6
POSTINC2                          00000FDE
PR2                               00000FCB
PREINC0                           00000FEC
PREINC1                           00000FE4
PREINC2                           00000FDC
PROD                              00000FF3
PRODH                             00000FF4
PRODL                             00000FF3
PRSEN                             00000007
PSA                               00000003
PSP0                              00000000
PSP1                              00000001
PSP2                              00000002
PSP3                              00000003
PSP4                              00000004
PSP5                              00000005
PSP6                              00000006
PSP7                              00000007
MPASM  5.34                     MAIN_CODE.ASM   1-6-2023  22:58:01         PAGE 13


SYMBOL TABLE
  LABEL                             VALUE 

PSPIE                             00000007
PSPIF                             00000007
PSPIP                             00000007
PSPMODE                           00000004
PSSAC0                            00000002
PSSAC1                            00000003
PSSBD0                            00000000
PSSBD1                            00000001
PWM1CON                           00000FB7
R                                 00000002
RA0                               00000000
RA1                               00000001
RA2                               00000002
RA3                               00000003
RA4                               00000004
RA5                               00000005
RA6                               00000006
RA7                               00000007
RB0                               00000000
RB1                               00000001
RB2                               00000002
RB3                               00000003
RB4                               00000004
RB5                               00000005
RB6                               00000006
RB7                               00000007
RBIE                              00000003
RBIF                              00000000
RBIP                              00000000
RBPU                              00000007
RC0                               00000000
RC1                               00000001
RC2                               00000002
RC3                               00000003
RC4                               00000004
RC5                               00000005
RC6                               00000006
RC7                               00000007
RCEN                              00000003
RCIDL                             00000006
RCIE                              00000005
RCIF                              00000005
RCIP                              00000005
RCMT                              00000006
RCON                              00000FD0
RCREG                             00000FAE
RCSTA                             00000FAB
RD                                00000000
RD0                               00000000
RD1                               00000001
RD16                              00000007
RD2                               00000002
RD3                               00000003
MPASM  5.34                     MAIN_CODE.ASM   1-6-2023  22:58:01         PAGE 14


SYMBOL TABLE
  LABEL                             VALUE 

RD4                               00000004
RD5                               00000005
RD6                               00000006
RD7                               00000007
RE0                               00000000
RE1                               00000001
RE2                               00000002
RE3                               00000003
RI                                00000004
RSEN                              00000001
RX                                00000007
RX9                               00000006
RX9D                              00000000
RXDTP                             00000005
R_W                               00000002
S                                 00000003
SBOREN                            00000006
SCK                               00000003
SCKP                              00000004
SCL                               00000003
SCS0                              00000000
SCS1                              00000001
SDA                               00000004
SDI                               00000004
SDO                               00000005
SEN                               00000000
SENDB                             00000003
SMP                               00000007
SP0                               00000000
SP1                               00000001
SP2                               00000002
SP3                               00000003
SP4                               00000004
SPBRG                             00000FAF
SPBRGH                            00000FB0
SPEN                              00000007
SREN                              00000005
SS                                00000005
SSPADD                            00000FC8
SSPBUF                            00000FC9
SSPCON1                           00000FC6
SSPCON2                           00000FC5
SSPEN                             00000005
SSPIE                             00000003
SSPIF                             00000003
SSPIP                             00000003
SSPM0                             00000000
SSPM1                             00000001
SSPM2                             00000002
SSPM3                             00000003
SSPOV                             00000006
SSPSTAT                           00000FC7
STATUS                            00000FD8
MPASM  5.34                     MAIN_CODE.ASM   1-6-2023  22:58:01         PAGE 15


SYMBOL TABLE
  LABEL                             VALUE 

STKFUL                            00000007
STKOVF                            00000007
STKPTR                            00000FFC
STKUNF                            00000006
SWDTE                             00000000
SWDTEN                            00000000
SWITCHACTION                      0000021C
SYNC                              00000004
T08BIT                            00000006
T0CKI                             00000004
T0CON                             00000FD5
T0CS                              00000005
T0IE                              00000005
T0IF                              00000002
T0PS0                             00000000
T0PS1                             00000001
T0PS2                             00000002
T0SE                              00000004
T13CKI                            00000000
T1CKI                             00000000
T1CKPS0                           00000004
T1CKPS1                           00000005
T1CON                             00000FCD
T1OSCEN                           00000003
T1OSI                             00000001
T1OSO                             00000000
T1RUN                             00000006
T1SYNC                            00000002
T2CKPS0                           00000000
T2CKPS1                           00000001
T2CON                             00000FCA
T2OUTPS0                          00000003
T2OUTPS1                          00000004
T2OUTPS2                          00000005
T2OUTPS3                          00000006
T3CCP1                            00000003
T3CCP2                            00000006
T3CKPS0                           00000004
T3CKPS1                           00000005
T3CON                             00000FB1
T3SYNC                            00000002
TABLAT                            00000FF5
TABLE                             00000200
TBLPTR                            00000FF6
TBLPTRH                           00000FF7
TBLPTRL                           00000FF6
TBLPTRU                           00000FF8
TMH                               00000004
TMR0H                             00000FD7
TMR0IE                            00000005
TMR0IF                            00000002
TMR0IP                            00000002
TMR0L                             00000FD6
MPASM  5.34                     MAIN_CODE.ASM   1-6-2023  22:58:01         PAGE 16


SYMBOL TABLE
  LABEL                             VALUE 

TMR0ON                            00000007
TMR1CS                            00000001
TMR1H                             00000FCF
TMR1IE                            00000000
TMR1IF                            00000000
TMR1IP                            00000000
TMR1L                             00000FCE
TMR1ON                            00000000
TMR2                              00000FCC
TMR2IE                            00000001
TMR2IF                            00000001
TMR2IP                            00000001
TMR2ON                            00000002
TMR3CS                            00000001
TMR3H                             00000FB3
TMR3IE                            00000001
TMR3IF                            00000001
TMR3IP                            00000001
TMR3L                             00000FB2
TMR3ON                            00000000
TO                                00000003
TOOCLOSE                          0000009C
TOS                               00000FFD
TOSH                              00000FFE
TOSL                              00000FFD
TOSU                              00000FFF
TRISA                             00000F92
TRISA0                            00000000
TRISA1                            00000001
TRISA2                            00000002
TRISA3                            00000003
TRISA4                            00000004
TRISA5                            00000005
TRISA6                            00000006
TRISA7                            00000007
TRISB                             00000F93
TRISB0                            00000000
TRISB1                            00000001
TRISB2                            00000002
TRISB3                            00000003
TRISB4                            00000004
TRISB5                            00000005
TRISB6                            00000006
TRISB7                            00000007
TRISC                             00000F94
TRISC0                            00000000
TRISC1                            00000001
TRISC2                            00000002
TRISC3                            00000003
TRISC4                            00000004
TRISC5                            00000005
TRISC6                            00000006
TRISC7                            00000007
MPASM  5.34                     MAIN_CODE.ASM   1-6-2023  22:58:01         PAGE 17


SYMBOL TABLE
  LABEL                             VALUE 

TRISD                             00000F95
TRISD0                            00000000
TRISD1                            00000001
TRISD2                            00000002
TRISD3                            00000003
TRISD4                            00000004
TRISD5                            00000005
TRISD6                            00000006
TRISD7                            00000007
TRISE                             00000F96
TRISE0                            00000000
TRISE1                            00000001
TRISE2                            00000002
TRMT                              00000001
TUN0                              00000000
TUN1                              00000001
TUN2                              00000002
TUN3                              00000003
TUN4                              00000004
TX                                00000006
TX9                               00000006
TX9D                              00000000
TXCKP                             00000004
TXEN                              00000005
TXIE                              00000004
TXIF                              00000004
TXIP                              00000004
TXREG                             00000FAD
TXSTA                             00000FAC
UA                                00000001
VAR                               00000002
VCFG0                             00000004
VCFG1                             00000005
VDIRMAG                           00000007
VPP                               00000003
VREFN                             00000002
VREFP                             00000003
W                                 00000000
WAITECHOHIGH                      00000076
WAITECHOHIGHBACK                  00000026
WAITECHOLOW                       0000007C
WAITECHOLOWBACK                   0000002C
WCOL                              00000007
WDTCON                            00000FD1
WR                                00000001
WREG                              00000FE8
WREN                              00000002
WRERR                             00000003
WUE                               00000001
Z                                 00000002
_BOREN_NOSLP_2L                   000000FD
_BOREN_OFF_2L                     000000F9
_BOREN_ON_2L                      000000FB
MPASM  5.34                     MAIN_CODE.ASM   1-6-2023  22:58:01         PAGE 18


SYMBOL TABLE
  LABEL                             VALUE 

_BOREN_SBORDIS_2L                 000000FF
_BORV_0_2L                        000000E7
_BORV_1_2L                        000000EF
_BORV_2_2L                        000000F7
_BORV_3_2L                        000000FF
_CCP2MX_PORTBE_3H                 000000FE
_CCP2MX_PORTC_3H                  000000FF
_CONFIG1H                         00300001
_CONFIG2H                         00300003
_CONFIG2L                         00300002
_CONFIG3H                         00300005
_CONFIG4L                         00300006
_CONFIG5H                         00300009
_CONFIG5L                         00300008
_CONFIG6H                         0030000B
_CONFIG6L                         0030000A
_CONFIG7H                         0030000D
_CONFIG7L                         0030000C
_CP0_OFF_5L                       000000FF
_CP0_ON_5L                        000000FE
_CP1_OFF_5L                       000000FF
_CP1_ON_5L                        000000FD
_CP2_OFF_5L                       000000FF
_CP2_ON_5L                        000000FB
_CP3_OFF_5L                       000000FF
_CP3_ON_5L                        000000F7
_CPB_OFF_5H                       000000FF
_CPB_ON_5H                        000000BF
_CPD_OFF_5H                       000000FF
_CPD_ON_5H                        0000007F
_DEBUG_OFF_4L                     000000FF
_DEBUG_ON_4L                      0000007F
_DEVID1                           003FFFFE
_DEVID2                           003FFFFF
_EBTR0_OFF_7L                     000000FF
_EBTR0_ON_7L                      000000FE
_EBTR1_OFF_7L                     000000FF
_EBTR1_ON_7L                      000000FD
_EBTR2_OFF_7L                     000000FF
_EBTR2_ON_7L                      000000FB
_EBTR3_OFF_7L                     000000FF
_EBTR3_ON_7L                      000000F7
_EBTRB_OFF_7H                     000000FF
_EBTRB_ON_7H                      000000BF
_FCMEN_OFF_1H                     000000BF
_FCMEN_ON_1H                      000000FF
_IDLOC0                           00200000
_IDLOC1                           00200001
_IDLOC2                           00200002
_IDLOC3                           00200003
_IDLOC4                           00200004
_IDLOC5                           00200005
_IDLOC6                           00200006
MPASM  5.34                     MAIN_CODE.ASM   1-6-2023  22:58:01         PAGE 19


SYMBOL TABLE
  LABEL                             VALUE 

_IDLOC7                           00200007
_IESO_OFF_1H                      0000007F
_IESO_ON_1H                       000000FF
_LPT1OSC_OFF_3H                   000000FB
_LPT1OSC_ON_3H                    000000FF
_LVP_OFF_4L                       000000FB
_LVP_ON_4L                        000000FF
_MCLRE_OFF_3H                     0000007F
_MCLRE_ON_3H                      000000FF
_OSC_ECIO6_1H                     000000F5
_OSC_EC_1H                        000000F4
_OSC_HSPLL_1H                     000000F6
_OSC_HS_1H                        000000F2
_OSC_INTIO67_1H                   000000F8
_OSC_INTIO7_1H                    000000F9
_OSC_LP_1H                        000000F0
_OSC_RCIO6_1H                     000000F7
_OSC_RC_1H                        000000F3
_OSC_XT_1H                        000000F1
_PBADEN_OFF_3H                    000000FD
_PBADEN_ON_3H                     000000FF
_PWRT_OFF_2L                      000000FF
_PWRT_ON_2L                       000000FE
_STVREN_OFF_4L                    000000FE
_STVREN_ON_4L                     000000FF
_WDTPS_1024_2H                    000000F5
_WDTPS_128_2H                     000000EF
_WDTPS_16384_2H                   000000FD
_WDTPS_16_2H                      000000E9
_WDTPS_1_2H                       000000E1
_WDTPS_2048_2H                    000000F7
_WDTPS_256_2H                     000000F1
_WDTPS_2_2H                       000000E3
_WDTPS_32768_2H                   000000FF
_WDTPS_32_2H                      000000EB
_WDTPS_4096_2H                    000000F9
_WDTPS_4_2H                       000000E5
_WDTPS_512_2H                     000000F3
_WDTPS_64_2H                      000000ED
_WDTPS_8192_2H                    000000FB
_WDTPS_8_2H                       000000E7
_WDT_OFF_2H                       000000FE
_WDT_ON_2H                        000000FF
_WRT0_OFF_6L                      000000FF
_WRT0_ON_6L                       000000FE
_WRT1_OFF_6L                      000000FF
_WRT1_ON_6L                       000000FD
_WRT2_OFF_6L                      000000FF
_WRT2_ON_6L                       000000FB
_WRT3_OFF_6L                      000000FF
_WRT3_ON_6L                       000000F7
_WRTB_OFF_6H                      000000FF
_WRTB_ON_6H                       000000BF
MPASM  5.34                     MAIN_CODE.ASM   1-6-2023  22:58:01         PAGE 20


SYMBOL TABLE
  LABEL                             VALUE 

_WRTC_OFF_6H                      000000FF
_WRTC_ON_6H                       000000DF
_WRTD_OFF_6H                      000000FF
_WRTD_ON_6H                       0000007F
_XINST_OFF_4L                     000000BF
_XINST_ON_4L                      000000FF
__18F4520                         00000001
__DEBUG                           1


MEMORY USAGE MAP ('X' = Used,  '-' = Unused)

0000 : XX------XXXXXXXX XXXXXXXXXXXXXXXX XXXXXXXXXXXXXXXX XXXXXXXXXXXXXXXX
0040 : XXXXXXXXXXXXXXXX XXXXXXXXXXXXXXXX XXXXXXXXXXXXXXXX XXXXXXXXXXXXXXXX
0080 : XXXXXXXXXXXXXXXX XXXXXXXXXXXXXXXX XXXXXXXXXXXXXXXX XXXXXXXXXXXXXXXX
00C0 : XXXXXXXXXXXXXXXX XXXXXXXXXXXXXXXX XXXXXXXXXX------ ----------------
0200 : XXXXXXXXXXXXXXXX XXXXXXXXXXXXXXXX XXXXXXXXXXXXXXXX XXXXXX----------
0000 : -XXX-XX-XXXXXX-- ---------------- ---------------- ----------------

All other memory blocks unused.

Program Memory Bytes Used:   293
Program Memory Bytes Free: 32475


Errors   :     0
Warnings :     3 reported,     0 suppressed
Messages :     0 reported,     0 suppressed

